0 info it worked if it ends with ok
1 verbose cli [ 'node', '/usr/local/bin/npm', 'install', 'gulp-saas' ]
2 info using npm@2.0.2
3 info using node@v0.10.31
4 verbose node symlink /usr/local/bin/node
5 warn package.json nossoSistema@1.0.0 No repository field.
6 warn package.json nossoSistema@1.0.0 No README data
7 verbose readDependencies using package.json deps
8 verbose cache add [ 'gulp-saas', null ]
9 verbose cache add spec="gulp-saas" args=["gulp-saas",null]
10 verbose parsed spec { raw: 'gulp-saas',
10 verbose parsed spec   scope: null,
10 verbose parsed spec   name: 'gulp-saas',
10 verbose parsed spec   rawSpec: '',
10 verbose parsed spec   spec: '*',
10 verbose parsed spec   type: 'range' }
11 verbose parsed spec { raw: 'gulp-saas',
11 verbose parsed spec   scope: null,
11 verbose parsed spec   name: 'gulp-saas',
11 verbose parsed spec   rawSpec: '',
11 verbose parsed spec   spec: '*',
11 verbose parsed spec   type: 'range' }
12 verbose addNamed [ 'gulp-saas', '*' ]
13 verbose addNamed [ null, '*' ]
14 silly lockFile 08a15476-gulp-saas gulp-saas@*
15 verbose lock gulp-saas@* /Users/jonasflesch/.npm/08a15476-gulp-saas.lock
16 silly addNameRange { name: 'gulp-saas', range: '*', hasData: false }
17 verbose mapToRegistry name gulp-saas
18 verbose mapToRegistry uri https://registry.npmjs.org/gulp-saas
19 verbose request on initialization, where is /gulp-saas
20 verbose request after pass 1, where is /gulp-saas
21 verbose request url raw /gulp-saas
22 verbose request resolving registry [ 'https://registry.npmjs.org/', './gulp-saas' ]
23 verbose request after pass 2, where is https://registry.npmjs.org/gulp-saas
24 verbose request no auth needed
25 info attempt registry request try #1 at 21:53:02
26 verbose request id 6790749960546dd2
27 http request GET https://registry.npmjs.org/gulp-saas
28 http 404 https://registry.npmjs.org/gulp-saas
29 verbose headers { date: 'Thu, 02 Oct 2014 00:53:02 GMT',
29 verbose headers   server: 'CouchDB/1.5.0 (Erlang OTP/R16B03)',
29 verbose headers   'content-type': 'application/json',
29 verbose headers   'cache-control': 'max-age=0',
29 verbose headers   'content-length': '52',
29 verbose headers   'accept-ranges': 'bytes',
29 verbose headers   via: '1.1 varnish',
29 verbose headers   age: '0',
29 verbose headers   'x-served-by': 'cache-iad2133-IAD',
29 verbose headers   'x-cache': 'MISS',
29 verbose headers   'x-cache-hits': '0',
29 verbose headers   'x-timer': 'S1412211182.683023,VS0,VE54',
29 verbose headers   'keep-alive': 'timeout=10, max=50',
29 verbose headers   connection: 'Keep-Alive' }
30 silly registry.get cb [ 404,
30 silly registry.get   { date: 'Thu, 02 Oct 2014 00:53:02 GMT',
30 silly registry.get     server: 'CouchDB/1.5.0 (Erlang OTP/R16B03)',
30 silly registry.get     'content-type': 'application/json',
30 silly registry.get     'cache-control': 'max-age=0',
30 silly registry.get     'content-length': '52',
30 silly registry.get     'accept-ranges': 'bytes',
30 silly registry.get     via: '1.1 varnish',
30 silly registry.get     age: '0',
30 silly registry.get     'x-served-by': 'cache-iad2133-IAD',
30 silly registry.get     'x-cache': 'MISS',
30 silly registry.get     'x-cache-hits': '0',
30 silly registry.get     'x-timer': 'S1412211182.683023,VS0,VE54',
30 silly registry.get     'keep-alive': 'timeout=10, max=50',
30 silly registry.get     connection: 'Keep-Alive' } ]
31 silly lockFile 08a15476-gulp-saas gulp-saas@*
32 silly lockFile 08a15476-gulp-saas gulp-saas@*
33 verbose stack Error: 404 Not Found: gulp-saas
33 verbose stack     at RegClient.<anonymous> (/usr/local/lib/node_modules/npm/node_modules/npm-registry-client/lib/request.js:258:14)
33 verbose stack     at Request._callback (/usr/local/lib/node_modules/npm/node_modules/npm-registry-client/lib/request.js:197:65)
33 verbose stack     at Request.self.callback (/usr/local/lib/node_modules/npm/node_modules/request/request.js:237:22)
33 verbose stack     at Request.emit (events.js:98:17)
33 verbose stack     at Request.<anonymous> (/usr/local/lib/node_modules/npm/node_modules/request/request.js:1146:14)
33 verbose stack     at Request.emit (events.js:117:20)
33 verbose stack     at IncomingMessage.<anonymous> (/usr/local/lib/node_modules/npm/node_modules/request/request.js:1097:12)
33 verbose stack     at IncomingMessage.emit (events.js:117:20)
33 verbose stack     at _stream_readable.js:943:16
33 verbose stack     at process._tickCallback (node.js:419:13)
34 verbose statusCode 404
35 verbose pkgid gulp-saas
36 verbose cwd /Users/jonasflesch/Documents/nossoSistema/workspace-frontend
37 error Darwin 13.3.0
38 error argv "node" "/usr/local/bin/npm" "install" "gulp-saas"
39 error node v0.10.31
40 error npm  v2.0.2
41 error code E404
42 error 404 Not Found: gulp-saas
42 error 404
42 error 404 'gulp-saas' is not in the npm registry.
42 error 404 You should bug the author to publish it (or use the name yourself!)
42 error 404 It was specified as a dependency of 'nossoSistema'
42 error 404
42 error 404 Note that you can also install from a
42 error 404 tarball, folder, http url, or git url.
43 verbose exit [ 1, true ]
